<?xml version="1.0" encoding="UTF-8"?>
<!-- Generated by org.testng.reporters.JUnitReportReporter -->
<testsuite hostname="CC-Girish" failures="0" tests="4" name="com.gqa.tests.EcomTest" time="13.045" errors="0" timestamp="2023-03-02T15:18:35 EST" skipped="3">
  <testcase classname="com.gqa.tests.EcomTest" name="titleTest" time="13.045"/>
  <system-out/>
  <testcase classname="com.gqa.tests.EcomTest" name="footerLinksTest">
    <skipped/>
  </testcase> <!-- footerLinksTest -->
  <system-out/>
  <testcase classname="com.gqa.tests.EcomTest" name="loginTest">
    <skipped/>
  </testcase> <!-- loginTest -->
  <system-out/>
  <testcase classname="com.gqa.tests.EcomTest" name="registerTest">
    <skipped/>
  </testcase> <!-- registerTest -->
  <system-out/>
</testsuite> <!-- com.gqa.tests.EcomTest -->
